Command: vcs -full64 -debug_access+r+w+nomemcbk -debug_region+cell +vpi -sverilog \
+v2k -l ./log/comp.log -timescale=1ns/1ps +incdir+/mnt/hgfs/jishengli/sda2/ubutun/2022Q4/uvm_q4/lin/lin_bus+/mnt/hgfs/jishengli/sda2/ubutun/2022Q4/uvm_q4/lin/lin_bus/uvm+/mnt/hgfs/jishengli/sda2/ubutun/2022Q4/uvm_q4/lin/lin_bus/tb+/mnt/hgfs/jishengli/sda2/ubutun/2022Q4/uvm_q4/lin/lin_bus/uvm/component+/mnt/hgfs/jishengli/sda2/ubutun/2022Q4/uvm_q4/lin/lin_bus/uvm/interface \
+incdir+/mnt/hgfs/jishengli/sda2/ubutun/2022Q4/uvm_q4/lin/lin_bus/uvm/obj+/mnt/hgfs/jishengli/sda2/ubutun/2022Q4/uvm_q4/lin/lin_bus/uvm/test_case+/mnt/hgfs/jishengli/sda2/ubutun/2022Q4/uvm_q4/lin/lin_bus/uvm/obj/sequence \
-debug_acc+all -debug_region+cell+encrypt -cm cond+tgl+line+fsm -lca -cm_log ./log/coverage.log \
-cm_dir ./coverage -LDFLAGS -rdynamic -fsdb -P /home/synopsys/verdi/Verdi_O-2018.09-SP2/share/PLI/VCS/LINUX64/novas.tab \
/home/synopsys/verdi/Verdi_O-2018.09-SP2/share/PLI/VCS/LINUX64/pli.a +DUMP_FSDB -cm_nocasedef \
-ntb_opts uvm-1.2 +lint=TFIPC-L /mnt/hgfs/jishengli/sda2/ubutun/2022Q4/uvm_q4/lin/lin_bus/uvm/interface/lin_agt_if.sv \
/mnt/hgfs/jishengli/sda2/ubutun/2022Q4/uvm_q4/lin/lin_bus/uvm/interface/lin_env_if.sv \
/mnt/hgfs/jishengli/sda2/ubutun/2022Q4/uvm_q4/lin/lin_bus/uvm/lin_agt_pkg.sv /mnt/hgfs/jishengli/sda2/ubutun/2022Q4/uvm_q4/lin/lin_bus/uvm/lin_env_pkg.sv \
/mnt/hgfs/jishengli/sda2/ubutun/2022Q4/uvm_q4/lin/lin_bus/uvm/lin_tc_pkg.sv /mnt/hgfs/jishengli/sda2/ubutun/2022Q4/uvm_q4/lin/lin_bus/tb/lin_tb_top.sv \

                         Chronologic VCS (TM)
        Version O-2018.09-1_Full64 -- Mon Nov 21 17:32:21 2022
               Copyright (c) 1991-2018 by Synopsys Inc.
                         ALL RIGHTS RESERVED

This program is proprietary and confidential information of Synopsys Inc.
and may be used and disclosed only as authorized in a license agreement
controlling such use and disclosure.


Warning-[LCA_FEATURES_ENABLED] Usage warning
  LCA features enabled by '-lca' argument on the command line.  For more 
  information regarding list of LCA features please refer to Chapter "LCA 
  features" in the VCS/VCS-MX Release Notes


Warning-[UNK_COMP_ARG] Unknown compile time plus argument used
  Unknown compile time plus argument 'DUMP_FSDB' is ignored.

 + use `+plusarg_save' to bind in runtime plusargs;
 + use `+plusarg_ignore' to suppress this message.
Parsing design file '/home/synopsys/vcs-mx/O-2018.09-1/etc/uvm-1.2/uvm_pkg.sv'
Parsing included file '/home/synopsys/vcs-mx/O-2018.09-1/etc/uvm-1.2/uvm_macros.svh'.
Parsing included file '/home/synopsys/vcs-mx/O-2018.09-1/etc/uvm-1.2/macros/uvm_version_defines.svh'.
Back to file '/home/synopsys/vcs-mx/O-2018.09-1/etc/uvm-1.2/uvm_macros.svh'.
Parsing included file '/home/synopsys/vcs-mx/O-2018.09-1/etc/uvm-1.2/macros/uvm_global_defines.svh'.
Back to file '/home/synopsys/vcs-mx/O-2018.09-1/etc/uvm-1.2/uvm_macros.svh'.
Parsing included file '/home/synopsys/vcs-mx/O-2018.09-1/etc/uvm-1.2/macros/uvm_message_defines.svh'.
Back to file '/home/synopsys/vcs-mx/O-2018.09-1/etc/uvm-1.2/uvm_macros.svh'.
Parsing included file '/home/synopsys/vcs-mx/O-2018.09-1/etc/uvm-1.2/macros/uvm_phase_defines.svh'.
Back to file '/home/synopsys/vcs-mx/O-2018.09-1/etc/uvm-1.2/uvm_macros.svh'.
Parsing included file '/home/synopsys/vcs-mx/O-2018.09-1/etc/uvm-1.2/macros/uvm_object_defines.svh'.
Back to file '/home/synopsys/vcs-mx/O-2018.09-1/etc/uvm-1.2/uvm_macros.svh'.
Parsing included file '/home/synopsys/vcs-mx/O-2018.09-1/etc/uvm-1.2/macros/uvm_printer_defines.svh'.
Back to file '/home/synopsys/vcs-mx/O-2018.09-1/etc/uvm-1.2/uvm_macros.svh'.
Parsing included file '/home/synopsys/vcs-mx/O-2018.09-1/etc/uvm-1.2/macros/uvm_tlm_defines.svh'.
Parsing included file '/home/synopsys/vcs-mx/O-2018.09-1/etc/uvm-1.2/tlm1/uvm_tlm_imps.svh'.
Back to file '/home/synopsys/vcs-mx/O-2018.09-1/etc/uvm-1.2/macros/uvm_tlm_defines.svh'.
Back to file '/home/synopsys/vcs-mx/O-2018.09-1/etc/uvm-1.2/uvm_macros.svh'.
Parsing included file '/home/synopsys/vcs-mx/O-2018.09-1/etc/uvm-1.2/macros/uvm_sequence_defines.svh'.
Back to file '/home/synopsys/vcs-mx/O-2018.09-1/etc/uvm-1.2/uvm_macros.svh'.
Parsing included file '/home/synopsys/vcs-mx/O-2018.09-1/etc/uvm-1.2/macros/uvm_callback_defines.svh'.
Back to file '/home/synopsys/vcs-mx/O-2018.09-1/etc/uvm-1.2/uvm_macros.svh'.
Parsing included file '/home/synopsys/vcs-mx/O-2018.09-1/etc/uvm-1.2/macros/uvm_reg_defines.svh'.
Back to file '/home/synopsys/vcs-mx/O-2018.09-1/etc/uvm-1.2/uvm_macros.svh'.
Parsing included file '/home/synopsys/vcs-mx/O-2018.09-1/etc/uvm-1.2/macros/uvm_deprecated_defines.svh'.
Back to file '/home/synopsys/vcs-mx/O-2018.09-1/etc/uvm-1.2/uvm_macros.svh'.
Back to file '/home/synopsys/vcs-mx/O-2018.09-1/etc/uvm-1.2/uvm_pkg.sv'.
Parsing included file '/home/synopsys/vcs-mx/O-2018.09-1/etc/uvm-1.2/dpi/uvm_dpi.svh'.
Parsing included file '/home/synopsys/vcs-mx/O-2018.09-1/etc/uvm-1.2/dpi/uvm_hdl.svh'.
Back to file '/home/synopsys/vcs-mx/O-2018.09-1/etc/uvm-1.2/dpi/uvm_dpi.svh'.
Parsing included file '/home/synopsys/vcs-mx/O-2018.09-1/etc/uvm-1.2/dpi/uvm_svcmd_dpi.svh'.
Back to file '/home/synopsys/vcs-mx/O-2018.09-1/etc/uvm-1.2/dpi/uvm_dpi.svh'.
Parsing included file '/home/synopsys/vcs-mx/O-2018.09-1/etc/uvm-1.2/dpi/uvm_regex.svh'.
Back to file '/home/synopsys/vcs-mx/O-2018.09-1/etc/uvm-1.2/dpi/uvm_dpi.svh'.
Back to file '/home/synopsys/vcs-mx/O-2018.09-1/etc/uvm-1.2/uvm_pkg.sv'.
Parsing included file '/home/synopsys/vcs-mx/O-2018.09-1/etc/uvm-1.2/base/uvm_base.svh'.
Parsing included file '/home/synopsys/vcs-mx/O-2018.09-1/etc/uvm-1.2/base/uvm_coreservice.svh'.
Back to file '/home/synopsys/vcs-mx/O-2018.09-1/etc/uvm-1.2/base/uvm_base.svh'.
Parsing included file '/home/synopsys/vcs-mx/O-2018.09-1/etc/uvm-1.2/base/uvm_version.svh'.
Back to file '/home/synopsys/vcs-mx/O-2018.09-1/etc/uvm-1.2/base/uvm_base.svh'.
Parsing included file '/home/synopsys/vcs-mx/O-2018.09-1/etc/uvm-1.2/base/uvm_object_globals.svh'.
Back to file '/home/synopsys/vcs-mx/O-2018.09-1/etc/uvm-1.2/base/uvm_base.svh'.
Parsing included file '/home/synopsys/vcs-mx/O-2018.09-1/etc/uvm-1.2/base/uvm_misc.svh'.
Back to file '/home/synopsys/vcs-mx/O-2018.09-1/etc/uvm-1.2/base/uvm_base.svh'.
Parsing included file '/home/synopsys/vcs-mx/O-2018.09-1/etc/uvm-1.2/base/uvm_object.svh'.
Back to file '/home/synopsys/vcs-mx/O-2018.09-1/etc/uvm-1.2/base/uvm_base.svh'.
Parsing included file '/home/synopsys/vcs-mx/O-2018.09-1/etc/uvm-1.2/base/uvm_pool.svh'.
Back to file '/home/synopsys/vcs-mx/O-2018.09-1/etc/uvm-1.2/base/uvm_base.svh'.
Parsing included file '/home/synopsys/vcs-mx/O-2018.09-1/etc/uvm-1.2/base/uvm_queue.svh'.
Back to file '/home/synopsys/vcs-mx/O-2018.09-1/etc/uvm-1.2/base/uvm_base.svh'.
Parsing included file '/home/synopsys/vcs-mx/O-2018.09-1/etc/uvm-1.2/base/uvm_factory.svh'.
Back to file '/home/synopsys/vcs-mx/O-2018.09-1/etc/uvm-1.2/base/uvm_base.svh'.
Parsing included file '/home/synopsys/vcs-mx/O-2018.09-1/etc/uvm-1.2/base/uvm_registry.svh'.
Back to file '/home/synopsys/vcs-mx/O-2018.09-1/etc/uvm-1.2/base/uvm_base.svh'.
Parsing included file '/home/synopsys/vcs-mx/O-2018.09-1/etc/uvm-1.2/base/uvm_spell_chkr.svh'.
Back to file '/home/synopsys/vcs-mx/O-2018.09-1/etc/uvm-1.2/base/uvm_base.svh'.
Parsing included file '/home/synopsys/vcs-mx/O-2018.09-1/etc/uvm-1.2/base/uvm_resource.svh'.
Back to file '/home/synopsys/vcs-mx/O-2018.09-1/etc/uvm-1.2/base/uvm_base.svh'.
Parsing included file '/home/synopsys/vcs-mx/O-2018.09-1/etc/uvm-1.2/base/uvm_resource_specializations.svh'.
Back to file '/home/synopsys/vcs-mx/O-2018.09-1/etc/uvm-1.2/base/uvm_base.svh'.
Parsing included file '/home/synopsys/vcs-mx/O-2018.09-1/etc/uvm-1.2/base/uvm_resource_db.svh'.
Back to file '/home/synopsys/vcs-mx/O-2018.09-1/etc/uvm-1.2/base/uvm_base.svh'.
Parsing included file '/home/synopsys/vcs-mx/O-2018.09-1/etc/uvm-1.2/base/uvm_config_db.svh'.
Back to file '/home/synopsys/vcs-mx/O-2018.09-1/etc/uvm-1.2/base/uvm_base.svh'.
Parsing included file '/home/synopsys/vcs-mx/O-2018.09-1/etc/uvm-1.2/base/uvm_printer.svh'.
Back to file '/home/synopsys/vcs-mx/O-2018.09-1/etc/uvm-1.2/base/uvm_base.svh'.
Parsing included file '/home/synopsys/vcs-mx/O-2018.09-1/etc/uvm-1.2/base/uvm_comparer.svh'.
Back to file '/home/synopsys/vcs-mx/O-2018.09-1/etc/uvm-1.2/base/uvm_base.svh'.
Parsing included file '/home/synopsys/vcs-mx/O-2018.09-1/etc/uvm-1.2/base/uvm_packer.svh'.
Back to file '/home/synopsys/vcs-mx/O-2018.09-1/etc/uvm-1.2/base/uvm_base.svh'.
Parsing included file '/home/synopsys/vcs-mx/O-2018.09-1/etc/uvm-1.2/base/uvm_links.svh'.
Back to file '/home/synopsys/vcs-mx/O-2018.09-1/etc/uvm-1.2/base/uvm_base.svh'.
Parsing included file '/home/synopsys/vcs-mx/O-2018.09-1/etc/uvm-1.2/base/uvm_tr_database.svh'.
Back to file '/home/synopsys/vcs-mx/O-2018.09-1/etc/uvm-1.2/base/uvm_base.svh'.
Parsing included file '/home/synopsys/vcs-mx/O-2018.09-1/etc/uvm-1.2/base/uvm_tr_stream.svh'.
Back to file '/home/synopsys/vcs-mx/O-2018.09-1/etc/uvm-1.2/base/uvm_base.svh'.
Parsing included file '/home/synopsys/vcs-mx/O-2018.09-1/etc/uvm-1.2/base/uvm_recorder.svh'.
Back to file '/home/synopsys/vcs-mx/O-2018.09-1/etc/uvm-1.2/base/uvm_base.svh'.
Parsing included file '/home/synopsys/vcs-mx/O-2018.09-1/etc/uvm-1.2/base/uvm_event_callback.svh'.
Back to file '/home/synopsys/vcs-mx/O-2018.09-1/etc/uvm-1.2/base/uvm_base.svh'.
Parsing included file '/home/synopsys/vcs-mx/O-2018.09-1/etc/uvm-1.2/base/uvm_event.svh'.
Back to file '/home/synopsys/vcs-mx/O-2018.09-1/etc/uvm-1.2/base/uvm_base.svh'.
Parsing included file '/home/synopsys/vcs-mx/O-2018.09-1/etc/uvm-1.2/base/uvm_barrier.svh'.
Back to file '/home/synopsys/vcs-mx/O-2018.09-1/etc/uvm-1.2/base/uvm_base.svh'.
Parsing included file '/home/synopsys/vcs-mx/O-2018.09-1/etc/uvm-1.2/base/uvm_callback.svh'.
Parsing included file '/home/synopsys/vcs-mx/O-2018.09-1/etc/uvm-1.2/uvm_macros.svh'.
Back to file '/home/synopsys/vcs-mx/O-2018.09-1/etc/uvm-1.2/base/uvm_callback.svh'.
Back to file '/home/synopsys/vcs-mx/O-2018.09-1/etc/uvm-1.2/base/uvm_base.svh'.
Parsing included file '/home/synopsys/vcs-mx/O-2018.09-1/etc/uvm-1.2/base/uvm_report_message.svh'.
Back to file '/home/synopsys/vcs-mx/O-2018.09-1/etc/uvm-1.2/base/uvm_base.svh'.
Parsing included file '/home/synopsys/vcs-mx/O-2018.09-1/etc/uvm-1.2/base/uvm_report_catcher.svh'.
Back to file '/home/synopsys/vcs-mx/O-2018.09-1/etc/uvm-1.2/base/uvm_base.svh'.
Parsing included file '/home/synopsys/vcs-mx/O-2018.09-1/etc/uvm-1.2/base/uvm_report_server.svh'.
Back to file '/home/synopsys/vcs-mx/O-2018.09-1/etc/uvm-1.2/base/uvm_base.svh'.
Parsing included file '/home/synopsys/vcs-mx/O-2018.09-1/etc/uvm-1.2/base/uvm_report_handler.svh'.
Back to file '/home/synopsys/vcs-mx/O-2018.09-1/etc/uvm-1.2/base/uvm_base.svh'.
Parsing included file '/home/synopsys/vcs-mx/O-2018.09-1/etc/uvm-1.2/base/uvm_report_object.svh'.
Back to file '/home/synopsys/vcs-mx/O-2018.09-1/etc/uvm-1.2/base/uvm_base.svh'.
Parsing included file '/home/synopsys/vcs-mx/O-2018.09-1/etc/uvm-1.2/base/uvm_transaction.svh'.
Back to file '/home/synopsys/vcs-mx/O-2018.09-1/etc/uvm-1.2/base/uvm_base.svh'.
Parsing included file '/home/synopsys/vcs-mx/O-2018.09-1/etc/uvm-1.2/base/uvm_phase.svh'.
Back to file '/home/synopsys/vcs-mx/O-2018.09-1/etc/uvm-1.2/base/uvm_base.svh'.
Parsing included file '/home/synopsys/vcs-mx/O-2018.09-1/etc/uvm-1.2/base/uvm_domain.svh'.
Back to file '/home/synopsys/vcs-mx/O-2018.09-1/etc/uvm-1.2/base/uvm_base.svh'.
Parsing included file '/home/synopsys/vcs-mx/O-2018.09-1/etc/uvm-1.2/base/uvm_bottomup_phase.svh'.
Back to file '/home/synopsys/vcs-mx/O-2018.09-1/etc/uvm-1.2/base/uvm_base.svh'.
Parsing included file '/home/synopsys/vcs-mx/O-2018.09-1/etc/uvm-1.2/base/uvm_topdown_phase.svh'.
Back to file '/home/synopsys/vcs-mx/O-2018.09-1/etc/uvm-1.2/base/uvm_base.svh'.
Parsing included file '/home/synopsys/vcs-mx/O-2018.09-1/etc/uvm-1.2/base/uvm_task_phase.svh'.
Back to file '/home/synopsys/vcs-mx/O-2018.09-1/etc/uvm-1.2/base/uvm_base.svh'.
Parsing included file '/home/synopsys/vcs-mx/O-2018.09-1/etc/uvm-1.2/base/uvm_common_phases.svh'.
Back to file '/home/synopsys/vcs-mx/O-2018.09-1/etc/uvm-1.2/base/uvm_base.svh'.
Parsing included file '/home/synopsys/vcs-mx/O-2018.09-1/etc/uvm-1.2/base/uvm_runtime_phases.svh'.
Back to file '/home/synopsys/vcs-mx/O-2018.09-1/etc/uvm-1.2/base/uvm_base.svh'.
Parsing included file '/home/synopsys/vcs-mx/O-2018.09-1/etc/uvm-1.2/base/uvm_component.svh'.
Parsing included file '/home/synopsys/vcs-mx/O-2018.09-1/etc/uvm-1.2/base/uvm_root.svh'.
Back to file '/home/synopsys/vcs-mx/O-2018.09-1/etc/uvm-1.2/base/uvm_component.svh'.
Back to file '/home/synopsys/vcs-mx/O-2018.09-1/etc/uvm-1.2/base/uvm_base.svh'.
Parsing included file '/home/synopsys/vcs-mx/O-2018.09-1/etc/uvm-1.2/base/uvm_objection.svh'.
Back to file '/home/synopsys/vcs-mx/O-2018.09-1/etc/uvm-1.2/base/uvm_base.svh'.
Parsing included file '/home/synopsys/vcs-mx/O-2018.09-1/etc/uvm-1.2/base/uvm_heartbeat.svh'.
Back to file '/home/synopsys/vcs-mx/O-2018.09-1/etc/uvm-1.2/base/uvm_base.svh'.
Parsing included file '/home/synopsys/vcs-mx/O-2018.09-1/etc/uvm-1.2/base/uvm_globals.svh'.
Back to file '/home/synopsys/vcs-mx/O-2018.09-1/etc/uvm-1.2/base/uvm_base.svh'.
Parsing included file '/home/synopsys/vcs-mx/O-2018.09-1/etc/uvm-1.2/base/uvm_cmdline_processor.svh'.
Back to file '/home/synopsys/vcs-mx/O-2018.09-1/etc/uvm-1.2/base/uvm_base.svh'.
Parsing included file '/home/synopsys/vcs-mx/O-2018.09-1/etc/uvm-1.2/base/uvm_traversal.svh'.
Back to file '/home/synopsys/vcs-mx/O-2018.09-1/etc/uvm-1.2/base/uvm_base.svh'.
Back to file '/home/synopsys/vcs-mx/O-2018.09-1/etc/uvm-1.2/uvm_pkg.sv'.
Parsing included file '/home/synopsys/vcs-mx/O-2018.09-1/etc/uvm-1.2/dap/uvm_dap.svh'.
Parsing included file '/home/synopsys/vcs-mx/O-2018.09-1/etc/uvm-1.2/dap/uvm_set_get_dap_base.svh'.
Back to file '/home/synopsys/vcs-mx/O-2018.09-1/etc/uvm-1.2/dap/uvm_dap.svh'.
Parsing included file '/home/synopsys/vcs-mx/O-2018.09-1/etc/uvm-1.2/dap/uvm_simple_lock_dap.svh'.
Back to file '/home/synopsys/vcs-mx/O-2018.09-1/etc/uvm-1.2/dap/uvm_dap.svh'.
Parsing included file '/home/synopsys/vcs-mx/O-2018.09-1/etc/uvm-1.2/dap/uvm_get_to_lock_dap.svh'.
Back to file '/home/synopsys/vcs-mx/O-2018.09-1/etc/uvm-1.2/dap/uvm_dap.svh'.
Parsing included file '/home/synopsys/vcs-mx/O-2018.09-1/etc/uvm-1.2/dap/uvm_set_before_get_dap.svh'.
Back to file '/home/synopsys/vcs-mx/O-2018.09-1/etc/uvm-1.2/dap/uvm_dap.svh'.
Back to file '/home/synopsys/vcs-mx/O-2018.09-1/etc/uvm-1.2/uvm_pkg.sv'.
Parsing included file '/home/synopsys/vcs-mx/O-2018.09-1/etc/uvm-1.2/tlm1/uvm_tlm.svh'.
Parsing included file '/home/synopsys/vcs-mx/O-2018.09-1/etc/uvm-1.2/tlm1/uvm_tlm_ifs.svh'.
Back to file '/home/synopsys/vcs-mx/O-2018.09-1/etc/uvm-1.2/tlm1/uvm_tlm.svh'.
Parsing included file '/home/synopsys/vcs-mx/O-2018.09-1/etc/uvm-1.2/tlm1/uvm_sqr_ifs.svh'.
Back to file '/home/synopsys/vcs-mx/O-2018.09-1/etc/uvm-1.2/tlm1/uvm_tlm.svh'.
Parsing included file '/home/synopsys/vcs-mx/O-2018.09-1/etc/uvm-1.2/base/uvm_port_base.svh'.
Back to file '/home/synopsys/vcs-mx/O-2018.09-1/etc/uvm-1.2/tlm1/uvm_tlm.svh'.
Parsing included file '/home/synopsys/vcs-mx/O-2018.09-1/etc/uvm-1.2/tlm1/uvm_tlm_imps.svh'.
Back to file '/home/synopsys/vcs-mx/O-2018.09-1/etc/uvm-1.2/tlm1/uvm_tlm.svh'.
Parsing included file '/home/synopsys/vcs-mx/O-2018.09-1/etc/uvm-1.2/tlm1/uvm_imps.svh'.
Back to file '/home/synopsys/vcs-mx/O-2018.09-1/etc/uvm-1.2/tlm1/uvm_tlm.svh'.
Parsing included file '/home/synopsys/vcs-mx/O-2018.09-1/etc/uvm-1.2/tlm1/uvm_ports.svh'.
Back to file '/home/synopsys/vcs-mx/O-2018.09-1/etc/uvm-1.2/tlm1/uvm_tlm.svh'.
Parsing included file '/home/synopsys/vcs-mx/O-2018.09-1/etc/uvm-1.2/tlm1/uvm_exports.svh'.
Back to file '/home/synopsys/vcs-mx/O-2018.09-1/etc/uvm-1.2/tlm1/uvm_tlm.svh'.
Parsing included file '/home/synopsys/vcs-mx/O-2018.09-1/etc/uvm-1.2/tlm1/uvm_analysis_port.svh'.
Back to file '/home/synopsys/vcs-mx/O-2018.09-1/etc/uvm-1.2/tlm1/uvm_tlm.svh'.
Parsing included file '/home/synopsys/vcs-mx/O-2018.09-1/etc/uvm-1.2/tlm1/uvm_tlm_fifo_base.svh'.
Back to file '/home/synopsys/vcs-mx/O-2018.09-1/etc/uvm-1.2/tlm1/uvm_tlm.svh'.
Parsing included file '/home/synopsys/vcs-mx/O-2018.09-1/etc/uvm-1.2/tlm1/uvm_tlm_fifos.svh'.
Back to file '/home/synopsys/vcs-mx/O-2018.09-1/etc/uvm-1.2/tlm1/uvm_tlm.svh'.
Parsing included file '/home/synopsys/vcs-mx/O-2018.09-1/etc/uvm-1.2/tlm1/uvm_tlm_req_rsp.svh'.
Back to file '/home/synopsys/vcs-mx/O-2018.09-1/etc/uvm-1.2/tlm1/uvm_tlm.svh'.
Parsing included file '/home/synopsys/vcs-mx/O-2018.09-1/etc/uvm-1.2/tlm1/uvm_sqr_connections.svh'.
Back to file '/home/synopsys/vcs-mx/O-2018.09-1/etc/uvm-1.2/tlm1/uvm_tlm.svh'.
Back to file '/home/synopsys/vcs-mx/O-2018.09-1/etc/uvm-1.2/uvm_pkg.sv'.
Parsing included file '/home/synopsys/vcs-mx/O-2018.09-1/etc/uvm-1.2/comps/uvm_comps.svh'.
Parsing included file '/home/synopsys/vcs-mx/O-2018.09-1/etc/uvm-1.2/comps/uvm_pair.svh'.
Back to file '/home/synopsys/vcs-mx/O-2018.09-1/etc/uvm-1.2/comps/uvm_comps.svh'.
Parsing included file '/home/synopsys/vcs-mx/O-2018.09-1/etc/uvm-1.2/comps/uvm_policies.svh'.
Back to file '/home/synopsys/vcs-mx/O-2018.09-1/etc/uvm-1.2/comps/uvm_comps.svh'.
Parsing included file '/home/synopsys/vcs-mx/O-2018.09-1/etc/uvm-1.2/comps/uvm_in_order_comparator.svh'.
Back to file '/home/synopsys/vcs-mx/O-2018.09-1/etc/uvm-1.2/comps/uvm_comps.svh'.
Parsing included file '/home/synopsys/vcs-mx/O-2018.09-1/etc/uvm-1.2/comps/uvm_algorithmic_comparator.svh'.
Back to file '/home/synopsys/vcs-mx/O-2018.09-1/etc/uvm-1.2/comps/uvm_comps.svh'.
Parsing included file '/home/synopsys/vcs-mx/O-2018.09-1/etc/uvm-1.2/comps/uvm_random_stimulus.svh'.
Back to file '/home/synopsys/vcs-mx/O-2018.09-1/etc/uvm-1.2/comps/uvm_comps.svh'.
Parsing included file '/home/synopsys/vcs-mx/O-2018.09-1/etc/uvm-1.2/comps/uvm_subscriber.svh'.
Back to file '/home/synopsys/vcs-mx/O-2018.09-1/etc/uvm-1.2/comps/uvm_comps.svh'.
Parsing included file '/home/synopsys/vcs-mx/O-2018.09-1/etc/uvm-1.2/comps/uvm_monitor.svh'.
Back to file '/home/synopsys/vcs-mx/O-2018.09-1/etc/uvm-1.2/comps/uvm_comps.svh'.
Parsing included file '/home/synopsys/vcs-mx/O-2018.09-1/etc/uvm-1.2/comps/uvm_driver.svh'.
Back to file '/home/synopsys/vcs-mx/O-2018.09-1/etc/uvm-1.2/comps/uvm_comps.svh'.
Parsing included file '/home/synopsys/vcs-mx/O-2018.09-1/etc/uvm-1.2/comps/uvm_push_driver.svh'.
Back to file '/home/synopsys/vcs-mx/O-2018.09-1/etc/uvm-1.2/comps/uvm_comps.svh'.
Parsing included file '/home/synopsys/vcs-mx/O-2018.09-1/etc/uvm-1.2/comps/uvm_scoreboard.svh'.
Back to file '/home/synopsys/vcs-mx/O-2018.09-1/etc/uvm-1.2/comps/uvm_comps.svh'.
Parsing included file '/home/synopsys/vcs-mx/O-2018.09-1/etc/uvm-1.2/comps/uvm_agent.svh'.
Back to file '/home/synopsys/vcs-mx/O-2018.09-1/etc/uvm-1.2/comps/uvm_comps.svh'.
Parsing included file '/home/synopsys/vcs-mx/O-2018.09-1/etc/uvm-1.2/comps/uvm_env.svh'.
Back to file '/home/synopsys/vcs-mx/O-2018.09-1/etc/uvm-1.2/comps/uvm_comps.svh'.
Parsing included file '/home/synopsys/vcs-mx/O-2018.09-1/etc/uvm-1.2/comps/uvm_test.svh'.
Back to file '/home/synopsys/vcs-mx/O-2018.09-1/etc/uvm-1.2/comps/uvm_comps.svh'.
Back to file '/home/synopsys/vcs-mx/O-2018.09-1/etc/uvm-1.2/uvm_pkg.sv'.
Parsing included file '/home/synopsys/vcs-mx/O-2018.09-1/etc/uvm-1.2/seq/uvm_seq.svh'.
Parsing included file '/home/synopsys/vcs-mx/O-2018.09-1/etc/uvm-1.2/seq/uvm_sequence_item.svh'.
Back to file '/home/synopsys/vcs-mx/O-2018.09-1/etc/uvm-1.2/seq/uvm_seq.svh'.
Parsing included file '/home/synopsys/vcs-mx/O-2018.09-1/etc/uvm-1.2/seq/uvm_sequencer_base.svh'.
Back to file '/home/synopsys/vcs-mx/O-2018.09-1/etc/uvm-1.2/seq/uvm_seq.svh'.
Parsing included file '/home/synopsys/vcs-mx/O-2018.09-1/etc/uvm-1.2/seq/uvm_sequencer_analysis_fifo.svh'.
Back to file '/home/synopsys/vcs-mx/O-2018.09-1/etc/uvm-1.2/seq/uvm_seq.svh'.
Parsing included file '/home/synopsys/vcs-mx/O-2018.09-1/etc/uvm-1.2/seq/uvm_sequencer_param_base.svh'.
Back to file '/home/synopsys/vcs-mx/O-2018.09-1/etc/uvm-1.2/seq/uvm_seq.svh'.
Parsing included file '/home/synopsys/vcs-mx/O-2018.09-1/etc/uvm-1.2/seq/uvm_sequencer.svh'.
Back to file '/home/synopsys/vcs-mx/O-2018.09-1/etc/uvm-1.2/seq/uvm_seq.svh'.
Parsing included file '/home/synopsys/vcs-mx/O-2018.09-1/etc/uvm-1.2/seq/uvm_push_sequencer.svh'.
Back to file '/home/synopsys/vcs-mx/O-2018.09-1/etc/uvm-1.2/seq/uvm_seq.svh'.
Parsing included file '/home/synopsys/vcs-mx/O-2018.09-1/etc/uvm-1.2/seq/uvm_sequence_base.svh'.
Back to file '/home/synopsys/vcs-mx/O-2018.09-1/etc/uvm-1.2/seq/uvm_seq.svh'.
Parsing included file '/home/synopsys/vcs-mx/O-2018.09-1/etc/uvm-1.2/seq/uvm_sequence.svh'.
Back to file '/home/synopsys/vcs-mx/O-2018.09-1/etc/uvm-1.2/seq/uvm_seq.svh'.
Parsing included file '/home/synopsys/vcs-mx/O-2018.09-1/etc/uvm-1.2/seq/uvm_sequence_library.svh'.
Back to file '/home/synopsys/vcs-mx/O-2018.09-1/etc/uvm-1.2/seq/uvm_seq.svh'.
Parsing included file '/home/synopsys/vcs-mx/O-2018.09-1/etc/uvm-1.2/seq/uvm_sequence_builtin.svh'.
Back to file '/home/synopsys/vcs-mx/O-2018.09-1/etc/uvm-1.2/seq/uvm_seq.svh'.
Back to file '/home/synopsys/vcs-mx/O-2018.09-1/etc/uvm-1.2/uvm_pkg.sv'.
Parsing included file '/home/synopsys/vcs-mx/O-2018.09-1/etc/uvm-1.2/tlm2/uvm_tlm2.svh'.
Parsing included file '/home/synopsys/vcs-mx/O-2018.09-1/etc/uvm-1.2/tlm2/uvm_tlm2_defines.svh'.
Back to file '/home/synopsys/vcs-mx/O-2018.09-1/etc/uvm-1.2/tlm2/uvm_tlm2.svh'.
Parsing included file '/home/synopsys/vcs-mx/O-2018.09-1/etc/uvm-1.2/tlm2/uvm_tlm2_time.svh'.
Back to file '/home/synopsys/vcs-mx/O-2018.09-1/etc/uvm-1.2/tlm2/uvm_tlm2.svh'.
Parsing included file '/home/synopsys/vcs-mx/O-2018.09-1/etc/uvm-1.2/tlm2/uvm_tlm2_generic_payload.svh'.
Back to file '/home/synopsys/vcs-mx/O-2018.09-1/etc/uvm-1.2/tlm2/uvm_tlm2.svh'.
Parsing included file '/home/synopsys/vcs-mx/O-2018.09-1/etc/uvm-1.2/tlm2/uvm_tlm2_ifs.svh'.
Back to file '/home/synopsys/vcs-mx/O-2018.09-1/etc/uvm-1.2/tlm2/uvm_tlm2.svh'.
Parsing included file '/home/synopsys/vcs-mx/O-2018.09-1/etc/uvm-1.2/tlm2/uvm_tlm2_imps.svh'.
Back to file '/home/synopsys/vcs-mx/O-2018.09-1/etc/uvm-1.2/tlm2/uvm_tlm2.svh'.
Parsing included file '/home/synopsys/vcs-mx/O-2018.09-1/etc/uvm-1.2/tlm2/uvm_tlm2_ports.svh'.
Back to file '/home/synopsys/vcs-mx/O-2018.09-1/etc/uvm-1.2/tlm2/uvm_tlm2.svh'.
Parsing included file '/home/synopsys/vcs-mx/O-2018.09-1/etc/uvm-1.2/tlm2/uvm_tlm2_exports.svh'.
Back to file '/home/synopsys/vcs-mx/O-2018.09-1/etc/uvm-1.2/tlm2/uvm_tlm2.svh'.
Parsing included file '/home/synopsys/vcs-mx/O-2018.09-1/etc/uvm-1.2/tlm2/uvm_tlm2_sockets_base.svh'.
Back to file '/home/synopsys/vcs-mx/O-2018.09-1/etc/uvm-1.2/tlm2/uvm_tlm2.svh'.
Parsing included file '/home/synopsys/vcs-mx/O-2018.09-1/etc/uvm-1.2/tlm2/uvm_tlm2_sockets.svh'.
Back to file '/home/synopsys/vcs-mx/O-2018.09-1/etc/uvm-1.2/tlm2/uvm_tlm2.svh'.
Back to file '/home/synopsys/vcs-mx/O-2018.09-1/etc/uvm-1.2/uvm_pkg.sv'.
Parsing included file '/home/synopsys/vcs-mx/O-2018.09-1/etc/uvm-1.2/reg/uvm_reg_model.svh'.
Parsing included file '/home/synopsys/vcs-mx/O-2018.09-1/etc/uvm-1.2/reg/uvm_reg_item.svh'.
Back to file '/home/synopsys/vcs-mx/O-2018.09-1/etc/uvm-1.2/reg/uvm_reg_model.svh'.
Parsing included file '/home/synopsys/vcs-mx/O-2018.09-1/etc/uvm-1.2/reg/uvm_reg_adapter.svh'.
Back to file '/home/synopsys/vcs-mx/O-2018.09-1/etc/uvm-1.2/reg/uvm_reg_model.svh'.
Parsing included file '/home/synopsys/vcs-mx/O-2018.09-1/etc/uvm-1.2/reg/uvm_reg_predictor.svh'.
Back to file '/home/synopsys/vcs-mx/O-2018.09-1/etc/uvm-1.2/reg/uvm_reg_model.svh'.
Parsing included file '/home/synopsys/vcs-mx/O-2018.09-1/etc/uvm-1.2/reg/uvm_reg_sequence.svh'.
Back to file '/home/synopsys/vcs-mx/O-2018.09-1/etc/uvm-1.2/reg/uvm_reg_model.svh'.
Parsing included file '/home/synopsys/vcs-mx/O-2018.09-1/etc/uvm-1.2/reg/uvm_reg_cbs.svh'.
Back to file '/home/synopsys/vcs-mx/O-2018.09-1/etc/uvm-1.2/reg/uvm_reg_model.svh'.
Parsing included file '/home/synopsys/vcs-mx/O-2018.09-1/etc/uvm-1.2/reg/uvm_reg_backdoor.svh'.
Back to file '/home/synopsys/vcs-mx/O-2018.09-1/etc/uvm-1.2/reg/uvm_reg_model.svh'.
Parsing included file '/home/synopsys/vcs-mx/O-2018.09-1/etc/uvm-1.2/reg/uvm_reg_field.svh'.
Back to file '/home/synopsys/vcs-mx/O-2018.09-1/etc/uvm-1.2/reg/uvm_reg_model.svh'.
Parsing included file '/home/synopsys/vcs-mx/O-2018.09-1/etc/uvm-1.2/reg/uvm_vreg_field.svh'.
Back to file '/home/synopsys/vcs-mx/O-2018.09-1/etc/uvm-1.2/reg/uvm_reg_model.svh'.
Parsing included file '/home/synopsys/vcs-mx/O-2018.09-1/etc/uvm-1.2/reg/uvm_reg.svh'.
Back to file '/home/synopsys/vcs-mx/O-2018.09-1/etc/uvm-1.2/reg/uvm_reg_model.svh'.
Parsing included file '/home/synopsys/vcs-mx/O-2018.09-1/etc/uvm-1.2/reg/uvm_reg_indirect.svh'.
Back to file '/home/synopsys/vcs-mx/O-2018.09-1/etc/uvm-1.2/reg/uvm_reg_model.svh'.
Parsing included file '/home/synopsys/vcs-mx/O-2018.09-1/etc/uvm-1.2/reg/uvm_reg_fifo.svh'.
Back to file '/home/synopsys/vcs-mx/O-2018.09-1/etc/uvm-1.2/reg/uvm_reg_model.svh'.
Parsing included file '/home/synopsys/vcs-mx/O-2018.09-1/etc/uvm-1.2/reg/uvm_reg_file.svh'.
Back to file '/home/synopsys/vcs-mx/O-2018.09-1/etc/uvm-1.2/reg/uvm_reg_model.svh'.
Parsing included file '/home/synopsys/vcs-mx/O-2018.09-1/etc/uvm-1.2/reg/uvm_mem_mam.svh'.
Back to file '/home/synopsys/vcs-mx/O-2018.09-1/etc/uvm-1.2/reg/uvm_reg_model.svh'.
Parsing included file '/home/synopsys/vcs-mx/O-2018.09-1/etc/uvm-1.2/reg/uvm_vreg.svh'.
Back to file '/home/synopsys/vcs-mx/O-2018.09-1/etc/uvm-1.2/reg/uvm_reg_model.svh'.
Parsing included file '/home/synopsys/vcs-mx/O-2018.09-1/etc/uvm-1.2/reg/uvm_mem.svh'.
Back to file '/home/synopsys/vcs-mx/O-2018.09-1/etc/uvm-1.2/reg/uvm_reg_model.svh'.
Parsing included file '/home/synopsys/vcs-mx/O-2018.09-1/etc/uvm-1.2/reg/uvm_reg_map.svh'.
Back to file '/home/synopsys/vcs-mx/O-2018.09-1/etc/uvm-1.2/reg/uvm_reg_model.svh'.
Parsing included file '/home/synopsys/vcs-mx/O-2018.09-1/etc/uvm-1.2/reg/uvm_reg_block.svh'.
Back to file '/home/synopsys/vcs-mx/O-2018.09-1/etc/uvm-1.2/reg/uvm_reg_model.svh'.
Parsing included file '/home/synopsys/vcs-mx/O-2018.09-1/etc/uvm-1.2/reg/sequences/uvm_reg_hw_reset_seq.svh'.
Back to file '/home/synopsys/vcs-mx/O-2018.09-1/etc/uvm-1.2/reg/uvm_reg_model.svh'.
Parsing included file '/home/synopsys/vcs-mx/O-2018.09-1/etc/uvm-1.2/reg/sequences/uvm_reg_bit_bash_seq.svh'.
Back to file '/home/synopsys/vcs-mx/O-2018.09-1/etc/uvm-1.2/reg/uvm_reg_model.svh'.
Parsing included file '/home/synopsys/vcs-mx/O-2018.09-1/etc/uvm-1.2/reg/sequences/uvm_mem_walk_seq.svh'.
Back to file '/home/synopsys/vcs-mx/O-2018.09-1/etc/uvm-1.2/reg/uvm_reg_model.svh'.
Parsing included file '/home/synopsys/vcs-mx/O-2018.09-1/etc/uvm-1.2/reg/sequences/uvm_mem_access_seq.svh'.
Back to file '/home/synopsys/vcs-mx/O-2018.09-1/etc/uvm-1.2/reg/uvm_reg_model.svh'.
Parsing included file '/home/synopsys/vcs-mx/O-2018.09-1/etc/uvm-1.2/reg/sequences/uvm_reg_access_seq.svh'.
Back to file '/home/synopsys/vcs-mx/O-2018.09-1/etc/uvm-1.2/reg/uvm_reg_model.svh'.
Parsing included file '/home/synopsys/vcs-mx/O-2018.09-1/etc/uvm-1.2/reg/sequences/uvm_reg_mem_shared_access_seq.svh'.
Back to file '/home/synopsys/vcs-mx/O-2018.09-1/etc/uvm-1.2/reg/uvm_reg_model.svh'.
Parsing included file '/home/synopsys/vcs-mx/O-2018.09-1/etc/uvm-1.2/reg/sequences/uvm_reg_mem_built_in_seq.svh'.
Back to file '/home/synopsys/vcs-mx/O-2018.09-1/etc/uvm-1.2/reg/uvm_reg_model.svh'.
Parsing included file '/home/synopsys/vcs-mx/O-2018.09-1/etc/uvm-1.2/reg/sequences/uvm_reg_mem_hdl_paths_seq.svh'.
Back to file '/home/synopsys/vcs-mx/O-2018.09-1/etc/uvm-1.2/reg/uvm_reg_model.svh'.
Parsing included file '/home/synopsys/vcs-mx/O-2018.09-1/etc/uvm-1.2/reg/snps_uvm_reg_bank.svh'.
Back to file '/home/synopsys/vcs-mx/O-2018.09-1/etc/uvm-1.2/reg/uvm_reg_model.svh'.
Back to file '/home/synopsys/vcs-mx/O-2018.09-1/etc/uvm-1.2/uvm_pkg.sv'.
Parsing design file '/home/synopsys/vcs-mx/O-2018.09-1/etc/uvm-1.2/vcs/uvm_custom_install_vcs_recorder.sv'
Parsing included file '/home/synopsys/vcs-mx/O-2018.09-1/etc/uvm-1.2/vcs/msglog.svh'.
Back to file '/home/synopsys/vcs-mx/O-2018.09-1/etc/uvm-1.2/vcs/uvm_custom_install_vcs_recorder.sv'.
Parsing included file '/home/synopsys/vcs-mx/O-2018.09-1/etc/uvm-1.2/vcs/uvm_msglog_report_server.sv'.
Back to file '/home/synopsys/vcs-mx/O-2018.09-1/etc/uvm-1.2/vcs/uvm_custom_install_vcs_recorder.sv'.
Parsing included file '/home/synopsys/vcs-mx/O-2018.09-1/etc/uvm-1.2/vcs/uvm_vcs_recorder.svh'.
Parsing included file '/home/synopsys/vcs-mx/O-2018.09-1/etc/uvm-1.2/vcs/uvm_vcs_tr_database.svh'.
Parsing included file '/home/synopsys/vcs-mx/O-2018.09-1/etc/uvm-1.2/vcs/uvm_vcs_tr_stream.svh'.
Back to file '/home/synopsys/vcs-mx/O-2018.09-1/etc/uvm-1.2/vcs/uvm_vcs_tr_database.svh'.
Back to file '/home/synopsys/vcs-mx/O-2018.09-1/etc/uvm-1.2/vcs/uvm_vcs_recorder.svh'.
Back to file '/home/synopsys/vcs-mx/O-2018.09-1/etc/uvm-1.2/vcs/uvm_custom_install_vcs_recorder.sv'.
Parsing included file '/home/synopsys/vcs-mx/O-2018.09-1/etc/uvm-1.2/vcs/uvm_vcs_record_interface.sv'.
Parsing included file '/home/synopsys/vcs-mx/O-2018.09-1/etc/uvm-1.2/macros/uvm_global_defines.svh'.
Back to file '/home/synopsys/vcs-mx/O-2018.09-1/etc/uvm-1.2/vcs/uvm_vcs_record_interface.sv'.
Back to file '/home/synopsys/vcs-mx/O-2018.09-1/etc/uvm-1.2/vcs/uvm_custom_install_vcs_recorder.sv'.
Parsing design file '/home/synopsys/vcs-mx/O-2018.09-1/etc/uvm-1.2/verdi/uvm_custom_install_verdi_recorder.sv'
Parsing included file '/home/synopsys/vcs-mx/O-2018.09-1/etc/uvm-1.2/uvm_macros.svh'.
Back to file '/home/synopsys/vcs-mx/O-2018.09-1/etc/uvm-1.2/verdi/uvm_custom_install_verdi_recorder.sv'.
Parsing included file '/home/synopsys/vcs-mx/O-2018.09-1/etc/uvm-1.2/verdi/uvm_verdi_recorder.svh'.
Parsing included file '/home/synopsys/vcs-mx/O-2018.09-1/etc/uvm-1.2/verdi/uvm_verdi_pli_base.svh'.
Back to file '/home/synopsys/vcs-mx/O-2018.09-1/etc/uvm-1.2/verdi/uvm_verdi_recorder.svh'.
Parsing included file '/home/synopsys/vcs-mx/O-2018.09-1/etc/uvm-1.2/verdi/uvm_verdi_tr_database.svh'.
Parsing included file '/home/synopsys/vcs-mx/O-2018.09-1/etc/uvm-1.2/verdi/uvm_verdi_tr_stream.svh'.
Back to file '/home/synopsys/vcs-mx/O-2018.09-1/etc/uvm-1.2/verdi/uvm_verdi_tr_database.svh'.
Back to file '/home/synopsys/vcs-mx/O-2018.09-1/etc/uvm-1.2/verdi/uvm_verdi_recorder.svh'.
Back to file '/home/synopsys/vcs-mx/O-2018.09-1/etc/uvm-1.2/verdi/uvm_custom_install_verdi_recorder.sv'.
Parsing included file '/home/synopsys/vcs-mx/O-2018.09-1/etc/uvm-1.2/verdi/uvm_verdi_reg_map_recording.sv'.
Back to file '/home/synopsys/vcs-mx/O-2018.09-1/etc/uvm-1.2/verdi/uvm_custom_install_verdi_recorder.sv'.
Parsing included file '/home/synopsys/vcs-mx/O-2018.09-1/etc/uvm-1.2/verdi/uvm_verdi_message_catcher.svh'.
Parsing included file '/home/synopsys/vcs-mx/O-2018.09-1/etc/uvm-1.2/verdi/uvm_verdi_pli_base.svh'.
Back to file '/home/synopsys/vcs-mx/O-2018.09-1/etc/uvm-1.2/verdi/uvm_verdi_message_catcher.svh'.
Back to file '/home/synopsys/vcs-mx/O-2018.09-1/etc/uvm-1.2/verdi/uvm_custom_install_verdi_recorder.sv'.
Parsing included file '/home/synopsys/vcs-mx/O-2018.09-1/etc/uvm-1.2/verdi/uvm_verdi_factory.svh'.
Back to file '/home/synopsys/vcs-mx/O-2018.09-1/etc/uvm-1.2/verdi/uvm_custom_install_verdi_recorder.sv'.
Parsing included file '/home/synopsys/vcs-mx/O-2018.09-1/etc/uvm-1.2/verdi/./dpi/uvm_verdi_dpi.svh'.
Back to file '/home/synopsys/vcs-mx/O-2018.09-1/etc/uvm-1.2/verdi/uvm_custom_install_verdi_recorder.sv'.
Parsing included file '/home/synopsys/vcs-mx/O-2018.09-1/etc/uvm-1.2/verdi/uvm_verdi_reg_recording.sv'.
Back to file '/home/synopsys/vcs-mx/O-2018.09-1/etc/uvm-1.2/verdi/uvm_custom_install_verdi_recorder.sv'.
Parsing included file '/home/synopsys/vcs-mx/O-2018.09-1/etc/uvm-1.2/verdi/verdi_trans_recorder_dpi.svh'.
Back to file '/home/synopsys/vcs-mx/O-2018.09-1/etc/uvm-1.2/verdi/uvm_custom_install_verdi_recorder.sv'.
Parsing included file '/home/synopsys/vcs-mx/O-2018.09-1/etc/uvm-1.2/verdi/uvm_verdi_pli.svh'.
Back to file '/home/synopsys/vcs-mx/O-2018.09-1/etc/uvm-1.2/verdi/uvm_custom_install_verdi_recorder.sv'.
Parsing design file '/home/synopsys/vcs-mx/O-2018.09-1/etc/uvm-1.2/verdi/uvm_custom_install_verdi_recorder.sv'
Parsing design file '/mnt/hgfs/jishengli/sda2/ubutun/2022Q4/uvm_q4/lin/lin_bus/uvm/interface/lin_agt_if.sv'
Parsing design file '/mnt/hgfs/jishengli/sda2/ubutun/2022Q4/uvm_q4/lin/lin_bus/uvm/interface/lin_env_if.sv'
Parsing design file '/mnt/hgfs/jishengli/sda2/ubutun/2022Q4/uvm_q4/lin/lin_bus/uvm/lin_agt_pkg.sv'
Parsing included file '/home/synopsys/vcs-mx/O-2018.09-1/etc/uvm-1.2/uvm_macros.svh'.
Back to file '/mnt/hgfs/jishengli/sda2/ubutun/2022Q4/uvm_q4/lin/lin_bus/uvm/lin_agt_pkg.sv'.
Parsing included file '/mnt/hgfs/jishengli/sda2/ubutun/2022Q4/uvm_q4/lin/lin_bus/uvm/obj/lin_trans.sv'.
Back to file '/mnt/hgfs/jishengli/sda2/ubutun/2022Q4/uvm_q4/lin/lin_bus/uvm/lin_agt_pkg.sv'.
Parsing included file '/mnt/hgfs/jishengli/sda2/ubutun/2022Q4/uvm_q4/lin/lin_bus/uvm/obj/lin_agt_cfg.sv'.
Back to file '/mnt/hgfs/jishengli/sda2/ubutun/2022Q4/uvm_q4/lin/lin_bus/uvm/lin_agt_pkg.sv'.
Parsing included file '/mnt/hgfs/jishengli/sda2/ubutun/2022Q4/uvm_q4/lin/lin_bus/uvm/component/lin_sqr.sv'.
Back to file '/mnt/hgfs/jishengli/sda2/ubutun/2022Q4/uvm_q4/lin/lin_bus/uvm/lin_agt_pkg.sv'.
Parsing included file '/mnt/hgfs/jishengli/sda2/ubutun/2022Q4/uvm_q4/lin/lin_bus/uvm/component/lin_mst.sv'.
Back to file '/mnt/hgfs/jishengli/sda2/ubutun/2022Q4/uvm_q4/lin/lin_bus/uvm/lin_agt_pkg.sv'.
Parsing included file '/mnt/hgfs/jishengli/sda2/ubutun/2022Q4/uvm_q4/lin/lin_bus/uvm/component/lin_slv.sv'.
Back to file '/mnt/hgfs/jishengli/sda2/ubutun/2022Q4/uvm_q4/lin/lin_bus/uvm/lin_agt_pkg.sv'.
Parsing included file '/mnt/hgfs/jishengli/sda2/ubutun/2022Q4/uvm_q4/lin/lin_bus/uvm/component/lin_mon.sv'.
Back to file '/mnt/hgfs/jishengli/sda2/ubutun/2022Q4/uvm_q4/lin/lin_bus/uvm/lin_agt_pkg.sv'.
Parsing included file '/mnt/hgfs/jishengli/sda2/ubutun/2022Q4/uvm_q4/lin/lin_bus/uvm/component/lin_agt.sv'.
Back to file '/mnt/hgfs/jishengli/sda2/ubutun/2022Q4/uvm_q4/lin/lin_bus/uvm/lin_agt_pkg.sv'.
Parsing design file '/mnt/hgfs/jishengli/sda2/ubutun/2022Q4/uvm_q4/lin/lin_bus/uvm/lin_env_pkg.sv'
Parsing included file '/home/synopsys/vcs-mx/O-2018.09-1/etc/uvm-1.2/uvm_macros.svh'.
Back to file '/mnt/hgfs/jishengli/sda2/ubutun/2022Q4/uvm_q4/lin/lin_bus/uvm/lin_env_pkg.sv'.
Parsing included file '/mnt/hgfs/jishengli/sda2/ubutun/2022Q4/uvm_q4/lin/lin_bus/uvm/obj/lin_env_cfg.sv'.
Back to file '/mnt/hgfs/jishengli/sda2/ubutun/2022Q4/uvm_q4/lin/lin_bus/uvm/lin_env_pkg.sv'.
Parsing included file '/mnt/hgfs/jishengli/sda2/ubutun/2022Q4/uvm_q4/lin/lin_bus/uvm/component/lin_scb.sv'.
Back to file '/mnt/hgfs/jishengli/sda2/ubutun/2022Q4/uvm_q4/lin/lin_bus/uvm/lin_env_pkg.sv'.
Parsing included file '/mnt/hgfs/jishengli/sda2/ubutun/2022Q4/uvm_q4/lin/lin_bus/uvm/component/lin_env.sv'.
Back to file '/mnt/hgfs/jishengli/sda2/ubutun/2022Q4/uvm_q4/lin/lin_bus/uvm/lin_env_pkg.sv'.
Parsing design file '/mnt/hgfs/jishengli/sda2/ubutun/2022Q4/uvm_q4/lin/lin_bus/uvm/lin_tc_pkg.sv'
Parsing included file '/home/synopsys/vcs-mx/O-2018.09-1/etc/uvm-1.2/uvm_macros.svh'.
Back to file '/mnt/hgfs/jishengli/sda2/ubutun/2022Q4/uvm_q4/lin/lin_bus/uvm/lin_tc_pkg.sv'.
Parsing included file '/mnt/hgfs/jishengli/sda2/ubutun/2022Q4/uvm_q4/lin/lin_bus/uvm/obj/sequence/sequence_lib.sv'.
Back to file '/mnt/hgfs/jishengli/sda2/ubutun/2022Q4/uvm_q4/lin/lin_bus/uvm/lin_tc_pkg.sv'.
Parsing included file '/mnt/hgfs/jishengli/sda2/ubutun/2022Q4/uvm_q4/lin/lin_bus/uvm/component/lin_base_test.sv'.
Back to file '/mnt/hgfs/jishengli/sda2/ubutun/2022Q4/uvm_q4/lin/lin_bus/uvm/lin_tc_pkg.sv'.
Parsing included file '/mnt/hgfs/jishengli/sda2/ubutun/2022Q4/uvm_q4/lin/lin_bus/uvm/test_case/my_case0.sv'.
Back to file '/mnt/hgfs/jishengli/sda2/ubutun/2022Q4/uvm_q4/lin/lin_bus/uvm/lin_tc_pkg.sv'.
Parsing design file '/mnt/hgfs/jishengli/sda2/ubutun/2022Q4/uvm_q4/lin/lin_bus/tb/lin_tb_top.sv'
Top Level Modules:
       uvm_custom_install_recording
       uvm_custom_install_verdi_recording
       lin_tb_top
TimeScale is 1 ns / 1 ps

Warning-[DTIE] Different enum types in equality
/mnt/hgfs/jishengli/sda2/ubutun/2022Q4/uvm_q4/lin/lin_bus/uvm/component/lin_agt.sv, 38
lin_agt_pkg, "(this.cfg.agt_type == MASTER)"
  Enum values 'this.cfg.agt_type' and 'MASTER' of different enum types are 
  used together with equality operator '=='.
  LHS type: enum 'type_e' defined in scope 'lin_agt_cfg' at 
  "/mnt/hgfs/jishengli/sda2/ubutun/2022Q4/uvm_q4/lin/lin_bus/uvm/obj/lin_agt_cfg.sv",
  5
  RHS type: enum 'type_e' defined in scope 'lin_agt_pkg' at 
  "/mnt/hgfs/jishengli/sda2/ubutun/2022Q4/uvm_q4/lin/lin_bus/uvm/component/lin_agt.sv",
  3


Warning-[DTIE] Different enum types in equality
/mnt/hgfs/jishengli/sda2/ubutun/2022Q4/uvm_q4/lin/lin_bus/uvm/component/lin_agt.sv, 44
lin_agt_pkg, "(this.cfg.agt_type == SLVAER)"
  Enum values 'this.cfg.agt_type' and 'SLVAER' of different enum types are 
  used together with equality operator '=='.
  LHS type: enum 'type_e' defined in scope 'lin_agt_cfg' at 
  "/mnt/hgfs/jishengli/sda2/ubutun/2022Q4/uvm_q4/lin/lin_bus/uvm/obj/lin_agt_cfg.sv",
  5
  RHS type: enum 'type_e' defined in scope 'lin_agt_pkg' at 
  "/mnt/hgfs/jishengli/sda2/ubutun/2022Q4/uvm_q4/lin/lin_bus/uvm/component/lin_agt.sv",
  3


Warning-[DTIE] Different enum types in equality
/mnt/hgfs/jishengli/sda2/ubutun/2022Q4/uvm_q4/lin/lin_bus/uvm/component/lin_agt.sv, 53
lin_agt_pkg, "(this.cfg.agt_type == MASTER)"
  Enum values 'this.cfg.agt_type' and 'MASTER' of different enum types are 
  used together with equality operator '=='.
  LHS type: enum 'type_e' defined in scope 'lin_agt_cfg' at 
  "/mnt/hgfs/jishengli/sda2/ubutun/2022Q4/uvm_q4/lin/lin_bus/uvm/obj/lin_agt_cfg.sv",
  5
  RHS type: enum 'type_e' defined in scope 'lin_agt_pkg' at 
  "/mnt/hgfs/jishengli/sda2/ubutun/2022Q4/uvm_q4/lin/lin_bus/uvm/component/lin_agt.sv",
  3

VCS Coverage Metrics Release O-2018.09-1_Full64 Copyright (c) 1991-2018 by Synopsys Inc.

Warning-[VCM-OPTINWP] Option used in wrong phase.
  -cm_nocasedef is not a compile-time coverage option. It will have no effect 
  at compile-time.
  This option should be used at report-time.Please contact VCS support for 
  further information.

Starting vcs inline pass...
12 modules and 0 UDP read.
recompiling package vcs_paramclassrepository
recompiling package _vcs_DPI_package
recompiling package uvm_pkg
recompiling package _vcs_msglog
recompiling module uvm_custom_install_recording
recompiling module uvm_custom_install_verdi_recording
recompiling module lin_agt_if
recompiling module lin_env_if
recompiling package lin_agt_pkg
recompiling package lin_env_pkg
recompiling package lin_tc_pkg
recompiling module lin_tb_top
All of 12 modules done
make[1]: Entering directory '/home/ICer/jishengli/2022Q4/uvm_q4/lin_bus/csrc'
rm -f _csrc*.so pre_vcsobj_*.so share_vcsobj_*.so
g++ -w  -pipe -DVCSMX -DUVM_DPI_DO_TYPE_CHECK -fPIC -O -I/home/synopsys/vcs-mx/O-2018.09-1/include \
-c /home/synopsys/vcs-mx/O-2018.09-1/etc/uvm-1.2/dpi/uvm_dpi.cc
g++ -w  -pipe -DVCSMX -DUVM_DPI_DO_TYPE_CHECK -fPIC -O -I/home/synopsys/vcs-mx/O-2018.09-1/include \
-c /home/synopsys/vcs-mx/O-2018.09-1/etc/uvm-1.2/verdi/dpi/uvm_verdi_dpi.cpp
if [ -x ../simv ]; then chmod -x ../simv; fi
g++  -o ../simv    -Wl,-rpath-link=./ -Wl,-rpath='$ORIGIN'/simv.daidir/ -Wl,-rpath=./simv.daidir/ \
-Wl,-rpath='$ORIGIN'/simv.daidir//scsim.db.dir  -rdynamic -rdynamic  -Wl,-rpath=/home/synopsys/vcs-mx/O-2018.09-1/linux64/lib \
-L/home/synopsys/vcs-mx/O-2018.09-1/linux64/lib  uvm_dpi.o uvm_verdi_dpi.o   objs/amcQw_d.o \
_126164_archive_1.so  SIM_l.o      rmapats_mop.o rmapats.o rmar.o rmar_nd.o  rmar_llvm_0_1.o \
rmar_llvm_0_0.o          -lzerosoft_rt_stubs -lvirsim -lerrorinf -lsnpsmalloc -lvfs \
/home/synopsys/verdi/Verdi_O-2018.09-SP2/share/PLI/VCS/LINUX64/pli.a    -lvcsnew \
-lsimprofile -lreader_common /home/synopsys/vcs-mx/O-2018.09-1/linux64/lib/libBA.a \
-luclinative /home/synopsys/vcs-mx/O-2018.09-1/linux64/lib/vcs_tls.o   -Wl,-whole-archive \
-lvcsucli -Wl,-no-whole-archive       ./../simv.daidir/vc_hdrs.o  _vcs_pli_stub_.o \
/home/synopsys/vcs-mx/O-2018.09-1/linux64/lib/vcs_save_restore_new.o /home/synopsys/verdi/Verdi_O-2018.09-SP2/share/PLI/VCS/LINUX64/pli.a \
-ldl -lm  -lc -lpthread -ldl 
../simv up to date
make[1]: Leaving directory '/home/ICer/jishengli/2022Q4/uvm_q4/lin_bus/csrc'
CPU time: 6.958 seconds to compile + .197 seconds to elab + .508 seconds to link
